<?xml version="1.0" encoding="UTF-8"?>
<!-- Generated by org.testng.reporters.JUnitXMLReporter -->
<testsuite ignored="0" hostname="Swati" failures="1" tests="1" name="Default test" time="9.448" errors="0" timestamp="2021-10-08T16:18:45 IST">
  <testcase classname="io.cucumber.testng.AbstractTestNGCucumberTests" name="runScenario" time="8.349">
    <failure type="java.lang.NullPointerException" message="Cannot invoke &amp;quot;com.pages.Offers.teardown()&amp;quot; because &amp;quot;this.Of&amp;quot; is null">
      <![CDATA[java.lang.NullPointerException: Cannot invoke "com.pages.Offers.teardown()" because "this.Of" is null
at StepDef.OffersStepDef.Finish(OffersStepDef.java:43)
]]>
    </failure>
  </testcase> <!-- runScenario -->
</testsuite> <!-- Default test -->
